<?xml version="1.0" encoding="UTF-8"?>
<!-- Generated by org.testng.reporters.JUnitReportReporter -->
<testsuite hostname="LAPTOP-08JOA6UU" failures="0" tests="1" name="testComponents.BaseTest" time="6.035" errors="0" timestamp="2024-07-26T22:18:01 IST" skipped="0">
  <testcase classname="testComponents.BaseTest" name="initializeDriver" time="6.035"/>
  <system-out/>
</testsuite> <!-- testComponents.BaseTest -->
