<?xml version="1.0" encoding="UTF-8"?>
<!-- Generated by org.testng.reporters.JUnitReportReporter -->
<testsuite hostname="LAPTOP-08JOA6UU" failures="0" tests="2" name="ragulProject1.DemoTest" time="3.161" errors="0" timestamp="2024-08-02T18:25:09 IST" skipped="1">
  <testcase classname="ragulProject1.DemoTest" name="demo1" time="3.161"/>
  <system-out/>
  <testcase classname="ragulProject1.DemoTest" name="demo">
    <skipped/>
  </testcase> <!-- demo -->
  <system-out/>
</testsuite> <!-- ragulProject1.DemoTest -->
