<?xml version="1.0" encoding="UTF-8"?>
<!-- Generated by org.testng.reporters.JUnitReportReporter -->
<testsuite hostname="LAPTOP-08JOA6UU" failures="0" tests="1" name="ragulProject1.StandAloneTest" time="8.578" errors="0" timestamp="2024-08-06T13:57:20 IST" skipped="0">
  <testcase classname="ragulProject1.StandAloneTest" name="test1" time="8.578"/>
  <system-out/>
</testsuite> <!-- ragulProject1.StandAloneTest -->
