<?xml version="1.0" encoding="UTF-8"?>
<!-- Generated by org.testng.reporters.JUnitReportReporter -->
<testsuite hostname="LAPTOP-08JOA6UU" failures="0" tests="1" name="ragulProject1.StandAloneTest" time="9.484" errors="0" timestamp="2024-08-06T19:44:12 IST" skipped="0">
  <testcase classname="ragulProject1.StandAloneTest" name="test1" time="9.484"/>
</testsuite> <!-- ragulProject1.StandAloneTest -->
